\BOOKMARK [1][-]{section.1}{\376\377\000T\000r\000e\001\133\001\007\000\040\000z\000a\000d\000a\000n\000i\000a\000\040\000p\000r\000o\000j\000e\000k\000t\000o\000w\000e\000g\000o}{}% 1
\BOOKMARK [1][-]{section.2}{\376\377\000C\000e\000l\000\040\000b\000u\000d\000o\000w\000a\000n\000i\000a\000\040\000s\000y\000s\000t\000e\000m\000u\000,\000\040\000z\000a\000k\000r\000e\000s\000\040\000s\000y\000s\000t\000e\000m\000u\000,\000\040\000p\000r\000z\000e\000w\000i\000d\000y\000w\000a\000l\000n\000e\000\040\000m\000i\000e\000r\000z\000a\000l\000n\000e\000\040\000i\000\040\000n\000i\000e\000m\000i\000e\000r\000z\000a\000l\000n\000e\000\040\000k\000o\000r\000z\000y\001\133\000c\000i\000\040\000m\000a\000t\000e\000r\000i\000a\000l\000n\000e}{}% 2
\BOOKMARK [2][-]{subsection.2.1}{\376\377\000C\000e\000l\000e\000\040\000g\001\102\000\363\000w\000n\000e}{section.2}% 3
\BOOKMARK [2][-]{subsection.2.2}{\376\377\000C\000e\000l\000e\000\040\000s\000z\000c\000z\000e\000g\000\363\001\102\000o\000w\000e}{section.2}% 4
\BOOKMARK [2][-]{subsection.2.3}{\376\377\000Z\000a\000k\000r\000e\000s\000\040\000s\000y\000s\000t\000e\000m\000u}{section.2}% 5
\BOOKMARK [2][-]{subsection.2.4}{\376\377\000P\000o\000z\000a\000\040\000z\000a\000k\000r\000e\000s\000e\000m\000\040\000s\000y\000s\000t\000e\000m\000u\000\040\000j\000e\000s\000t}{section.2}% 6
\BOOKMARK [1][-]{section.3}{\376\377\000P\000e\000r\000s\000p\000e\000k\000t\000y\000w\000a\000\040\000w\000a\000r\000i\000a\000n\000t\000\363\000w\000\040\000u\001\174\000y\000c\000i\000a\000\040\000s\000y\000s\000t\000e\000m\000u}{}% 7
\BOOKMARK [2][-]{subsection.3.1}{\376\377\000D\000i\000a\000g\000r\000a\000m\000\040\000w\000a\000r\000i\000a\000n\000t\000\363\000w\000\040\000u\001\174\000y\000c\000i\000a\000\040\000s\000y\000s\000t\000e\000m\000u}{section.3}% 8
\BOOKMARK [2][-]{subsection.3.2}{\376\377\000O\000p\000i\000s\000y\000\040\000t\000e\000k\000s\000t\000o\000w\000e\000\040\000w\000s\000z\000y\000s\000t\000k\000i\000c\000h\000\040\000a\000k\000t\000o\000r\000\363\000w}{section.3}% 9
\BOOKMARK [2][-]{subsection.3.3}{\376\377\000O\000p\000i\000s\000y\000\040\000t\000e\000k\000s\000t\000o\000w\000e\000\040\000w\000s\000z\000y\000s\000t\000k\000i\000c\000h\000\040\000w\000a\000r\000i\000a\000n\000t\000\363\000w\000\040\000u\001\174\000y\000c\000i\000a}{section.3}% 10
\BOOKMARK [3][-]{subsubsection.3.3.1}{\376\377\000L\000o\000g\000o\000w\000a\000n\000i\000e}{subsection.3.3}% 11
\BOOKMARK [3][-]{subsubsection.3.3.2}{\376\377\000O\000d\000z\000y\000s\000k\000i\000w\000a\000n\000i\000e\000\040\000h\000a\000s\001\102\000a}{subsection.3.3}% 12
\BOOKMARK [3][-]{subsubsection.3.3.3}{\376\377\000R\000e\000j\000e\000s\000t\000r\000a\000c\000j\000a}{subsection.3.3}% 13
\BOOKMARK [3][-]{subsubsection.3.3.4}{\376\377\000A\000u\000t\000o\000r\000y\000z\000a\000c\000j\000a}{subsection.3.3}% 14
\BOOKMARK [3][-]{subsubsection.3.3.5}{\376\377\000P\000r\000z\000e\000g\000l\001\005\000d\000a\000n\000i\000e\000\040\000c\000e\000n\000n\000i\000k\000a}{subsection.3.3}% 15
\BOOKMARK [3][-]{subsubsection.3.3.6}{\376\377\000Z\000a\000k\000u\000p\000i\000e\000n\000i\000e\000\040\000w\000e\000r\000s\000j\000i\000\040\000p\000r\000e\000m\000i\000u\000m}{subsection.3.3}% 16
\BOOKMARK [3][-]{subsubsection.3.3.7}{\376\377\000Z\000a\000r\000z\001\005\000d\000z\000e\000n\000i\000e\000\040\000w\000o\000r\000k\000s\000p\000a\000c\000e\000'\000a\000m\000i\000\040\000<\000<\000C\000R\000U\000D\000>\000>}{subsection.3.3}% 17
\BOOKMARK [3][-]{subsubsection.3.3.8}{\376\377\000Z\000a\000r\000z\001\005\000d\000z\000a\000n\000i\000e\000\040\000c\000z\001\102\000o\000n\000k\000a\000m\000i\000\040\000w\000o\000r\000k\000s\000p\000a\000c\000e\000'\000a\000\040\000<\000<\000C\000R\000U\000D\000>\000>}{subsection.3.3}% 18
\BOOKMARK [3][-]{subsubsection.3.3.9}{\376\377\000Z\000a\000r\000z\001\005\000d\000z\000a\000n\000i\000e\000\040\000t\000a\000b\000l\000i\000c\000a\000m\000i\000\040\000<\000<\000C\000R\000U\000D\000>\000>}{subsection.3.3}% 19
\BOOKMARK [3][-]{subsubsection.3.3.10}{\376\377\000K\000o\000r\000z\000y\000s\000t\000a\000n\000i\000e\000\040\000z\000\040\000t\000a\000b\000l\000i\000c\000y\000\040\000w\000\040\000c\000z\000a\000s\000i\000e\000\040\000r\000z\000e\000c\000z\000y\000w\000i\000s\000t\000y\000m}{subsection.3.3}% 20
\BOOKMARK [3][-]{subsubsection.3.3.11}{\376\377\000C\000h\000a\000t\000\040\000z\000\040\000a\000s\000y\000s\000t\000e\000n\000t\000e\000m\000\040\000A\000I}{subsection.3.3}% 21
\BOOKMARK [3][-]{subsubsection.3.3.12}{\376\377\000U\001\174\000y\000w\000a\000n\000i\000e\000\040\000S\000m\000a\000r\000t\000S\000e\000a\000r\000c\000h\000'\000a}{subsection.3.3}% 22
\BOOKMARK [3][-]{subsubsection.3.3.13}{\376\377\000Z\000a\000r\000z\001\005\000d\000z\000a\000n\000i\000e\000\040\000p\000r\000o\000f\000i\000l\000e\000m\000\040\000u\001\174\000y\000t\000k\000o\000w\000n\000i\000k\000a}{subsection.3.3}% 23
\BOOKMARK [2][-]{subsection.3.4}{\376\377\000P\000r\000z\000y\000k\001\102\000a\000d\000o\000w\000e\000\040\000d\000i\000a\000g\000r\000a\000m\000y\000\040\000i\000n\000t\000e\000r\000a\000k\000c\000j\000i\000/\000s\000e\000k\000w\000e\000n\000c\000j\000i\000\040\000z\000\040\000o\000p\000i\000s\000e\000m\000\040\000t\000e\000k\000s\000t\000o\000w\000y\000m\000\040\000z\000i\000d\000e\000n\000t\000y\000f\000i\000k\000o\000w\000a\000n\000y\000c\000h\000,\000\040\000w\000y\000s\000t\001\031\000p\000u\000j\001\005\000c\000y\000c\000h\000\040\000n\000a\000\040\000n\000i\000m\000\040\000k\000o\000m\000u\000n\000i\000k\000a\000t\000\363\000w}{section.3}% 24
\BOOKMARK [3][-]{subsubsection.3.4.1}{\376\377\000P\000r\000z\000y\000k\001\102\000a\000d\000\040\0001\000.\000\040\000R\000e\000j\000e\000s\000t\000r\000a\000c\000j\000a\000\040\000i\000\040\000w\000e\000r\000y\000f\000i\000k\000a\000c\000j\000a\000\040\000k\000o\000n\000t\000a}{subsection.3.4}% 25
\BOOKMARK [3][-]{subsubsection.3.4.2}{\376\377\000P\000r\000z\000y\000k\001\102\000a\000d\000\040\0002\000.\000\040\000S\000t\000w\000o\000r\000z\000e\000n\000i\000e\000\040\000w\000o\000r\000k\000s\000p\000a\000c\000e\000'\000u\000\040\000i\000\040\000z\000a\000p\000r\000o\000s\000z\000e\000n\000i\000e\000\040\000u\001\174\000y\000t\000k\000o\000w\000n\000i\000k\000a}{subsection.3.4}% 26
\BOOKMARK [3][-]{subsubsection.3.4.3}{\376\377\000P\000r\000z\000y\000k\001\102\000a\000d\000\040\0003\000.\000\040\000W\000s\000p\000\363\001\102\000p\000r\000a\000c\000a\000\040\000n\000a\000\040\000t\000a\000b\000l\000i\000c\000y\000\040\000w\000\040\000c\000z\000a\000s\000i\000e\000\040\000r\000z\000e\000c\000z\000y\000w\000i\000s\000t\000y\000m}{subsection.3.4}% 27
\BOOKMARK [3][-]{subsubsection.3.4.4}{\376\377\000P\000r\000z\000y\000k\001\102\000a\000d\000\040\0004\000.\000\040\000W\000y\000k\000o\000r\000z\000y\000s\000t\000a\000n\000i\000e\000\040\000A\000I\000\040\000A\000s\000s\000i\000s\000t\000a\000n\000t}{subsection.3.4}% 28
\BOOKMARK [1][-]{section.4}{\376\377\000P\000e\000r\000s\000p\000e\000k\000t\000y\000w\000a\000\040\000l\000o\000g\000i\000c\000z\000n\000a}{}% 29
\BOOKMARK [2][-]{subsection.4.1}{\376\377\000D\000i\000a\000g\000r\000a\000m\000\040\000k\000l\000a\000s}{section.4}% 30
\BOOKMARK [2][-]{subsection.4.2}{\376\377\000U\000p\000o\000r\000z\001\005\000d\000k\000o\000w\000a\000n\000y\000\040\000a\000l\000f\000a\000b\000e\000t\000y\000c\000z\000n\000i\000e\000\040\000w\000y\000k\000a\000z\000\040\000k\000l\000a\000s}{section.4}% 31
\BOOKMARK [2][-]{subsection.4.3}{\376\377\000D\000i\000a\000g\000r\000a\000m\000y\000\040\000s\000t\000a\000n\000\363\000w\000\040\000d\000l\000a\000\040\000d\000w\000\363\000c\000h\000\040\000w\000y\000b\000r\000a\000n\000y\000c\000h\000\040\000k\000l\000a\000s\000,\000\040\000z\000\040\000o\000p\000i\000s\000e\000m\000\040\000t\000e\000k\000s\000t\000o\000w\000y\000m\000\040\000w\000y\000s\000t\001\031\000p\000u\000j\001\005\000c\000y\000c\000h\000\040\000n\000a\000\040\000n\000i\000m\000\040\000e\000l\000e\000m\000e\000n\000t\000\363\000w}{section.4}% 32
\BOOKMARK [3][-]{subsubsection.4.3.1}{\376\377\000D\000i\000a\000g\000r\000a\000m\000\040\0001\000.\000R\000e\000j\000e\000s\000t\000r\000a\000c\000j\000a\000\040\000u\001\174\000y\000t\000k\000o\000w\000n\000i\000k\000a\000\040}{subsection.4.3}% 33
\BOOKMARK [3][-]{subsubsection.4.3.2}{\376\377\000D\000i\000a\000g\000r\000a\000m\000\040\0002\000.\000T\000w\000o\000r\000z\000e\000n\000i\000e\000\040\000t\000a\000b\000l\000i\000c\000y}{subsection.4.3}% 34
\BOOKMARK [2][-]{subsection.4.4}{\376\377\000M\000o\000d\000e\000l\000\040\000d\000a\000n\000y\000c\000h\000\040\000\050\000s\000c\000h\000e\000m\000a\000t\000\040\000b\000a\000z\000y\000\051}{section.4}% 35
\BOOKMARK [1][-]{section.5}{\376\377\000W\000y\000m\000a\000g\000a\000n\000i\000a\000\040\000n\000i\000e\000f\000u\000n\000k\000c\000j\000o\000n\000a\000l\000n\000e\000\040\000d\000l\000a\000\040\000s\000y\000s\000t\000e\000m\000u}{}% 36
\BOOKMARK [2][-]{subsection.5.1}{\376\377\000O\000s\000z\000a\000c\000o\000w\000a\000n\000i\000e\000\040\000w\000i\000e\000l\000k\000o\001\133\000c\000i\000\040\000b\000a\000z\000y\000\040\000d\000a\000n\000y\000c\000h}{section.5}% 37
\BOOKMARK [2][-]{subsection.5.2}{\376\377\000P\000r\000o\000p\000o\000z\000y\000c\000j\000a\000\040\000w\000y\000m\000a\000g\000a\000n\000y\000c\000h\000\040\000c\000z\000a\000s\000\363\000w\000\040\000o\000d\000p\000o\000w\000i\000e\000d\000z\000i\000\040\000d\000l\000a\000\040\000s\000y\000s\000t\000e\000m\000u}{section.5}% 38
\BOOKMARK [2][-]{subsection.5.3}{\376\377\000O\000s\000z\000a\000c\000o\000w\000a\000n\000i\000e\000\040\000i\000l\000o\001\133\000c\000i\000\040\000i\000\040\000t\000y\000p\000\363\000w\000\040\000p\000o\000t\000r\000z\000e\000b\000n\000y\000c\000h\000\040\000s\000t\000a\000n\000o\000w\000i\000s\000k\000\040\000p\000r\000a\000c\000y\000\040\000u\001\174\000y\000t\000k\000o\000w\000n\000i\000k\000\363\000w\000\040\000s\000y\000s\000t\000e\000m\000u}{section.5}% 39
\BOOKMARK [2][-]{subsection.5.4}{\376\377\000W\000y\000m\000a\000g\000a\000n\000i\000a\000\040\000b\000e\000z\000p\000i\000e\000c\000z\000e\001\104\000s\000t\000w\000a}{section.5}% 40
\BOOKMARK [3][-]{subsubsection.5.4.1}{\376\377\000S\000z\000y\000f\000r\000o\000w\000a\000n\000i\000e\000\040\000p\000o\001\102\001\005\000c\000z\000e\000n\000i\000a}{subsection.5.4}% 41
\BOOKMARK [3][-]{subsubsection.5.4.2}{\376\377\000Z\000a\000r\000z\001\005\000d\000z\000a\000n\000i\000e\000\040\000h\000a\000s\001\102\000a\000m\000i}{subsection.5.4}% 42
\BOOKMARK [3][-]{subsubsection.5.4.3}{\376\377\000U\000w\000i\000e\000r\000z\000y\000t\000e\000l\000n\000i\000a\000n\000i\000e}{subsection.5.4}% 43
\BOOKMARK [3][-]{subsubsection.5.4.4}{\376\377\000B\000a\000c\000k\000u\000p\000\040\000i\000\040\000a\000r\000c\000h\000i\000w\000i\000z\000a\000c\000j\000a\000\040\000d\000a\000n\000y\000c\000h}{subsection.5.4}% 44
\BOOKMARK [3][-]{subsubsection.5.4.5}{\376\377\000K\000o\000m\000u\000n\000i\000k\000a\000c\000j\000a\000\040\000e\000m\000a\000i\000l}{subsection.5.4}% 45
\BOOKMARK [3][-]{subsubsection.5.4.6}{\376\377\000O\000c\000h\000r\000o\000n\000a\000\040\000p\000r\000z\000e\000d\000\040\000a\000t\000a\000k\000a\000m\000i}{subsection.5.4}% 46
\BOOKMARK [2][-]{subsection.5.5}{\376\377\000W\000y\000m\000a\000g\000a\000n\000i\000a\000\040\000n\000i\000e\000z\000a\000w\000o\000d\000n\000o\001\133\000c\000i}{section.5}% 47
\BOOKMARK [3][-]{subsubsection.5.5.1}{\376\377\000D\000o\000s\000t\001\031\000p\000n\000o\001\133\001\007\000\040\000s\000y\000s\000t\000e\000m\000u\000\040\000\050\000u\000p\000t\000i\000m\000e\000\051}{subsection.5.5}% 48
\BOOKMARK [3][-]{subsubsection.5.5.2}{\376\377\000C\000z\000a\000s\000\040\000r\000e\000a\000k\000c\000j\000i\000\040\000n\000a\000\040\000a\000w\000a\000r\000i\000e}{subsection.5.5}% 49
\BOOKMARK [3][-]{subsubsection.5.5.3}{\376\377\000O\000b\000s\001\102\000u\000g\000a\000\040\000u\000t\000r\000a\000t\000y\000\040\000p\000o\001\102\001\005\000c\000z\000e\000n\000i\000a\000\040\000i\000n\000t\000e\000r\000n\000e\000t\000o\000w\000e\000g\000o}{subsection.5.5}% 50
\BOOKMARK [3][-]{subsubsection.5.5.4}{\376\377\000O\000b\000s\001\102\000u\000g\000a\000\040\000w\000s\000p\000\363\001\102\000p\000r\000a\000c\000y\000\040\000w\000i\000e\000l\000u\000\040\000u\001\174\000y\000t\000k\000o\000w\000n\000i\000k\000\363\000w}{subsection.5.5}% 51
\BOOKMARK [3][-]{subsubsection.5.5.5}{\376\377\000L\000i\000m\000i\000t\000y\000\040\000s\000y\000s\000t\000e\000m\000u\000\040\000i\000\040\000o\000b\000s\001\102\000u\000g\000a\000\040\000p\000r\000z\000e\000k\000r\000o\000c\000z\000e\000n\000i\000a}{subsection.5.5}% 52
\BOOKMARK [2][-]{subsection.5.6}{\376\377\000W\000y\000m\000a\000g\000a\000n\000i\000a\000\040\000u\001\174\000y\000t\000e\000c\000z\000n\000o\001\133\000c\000i}{section.5}% 53
\BOOKMARK [3][-]{subsubsection.5.6.1}{\376\377\000D\000o\000s\000t\001\031\000p\000n\000o\001\133\001\007\000\040\000\050\000A\000c\000c\000e\000s\000s\000i\000b\000i\000l\000i\000t\000y\000\051}{subsection.5.6}% 54
\BOOKMARK [3][-]{subsubsection.5.6.2}{\376\377\000W\000i\000e\000l\000o\000j\001\031\000z\000y\000c\000z\000n\000o\001\133\001\007}{subsection.5.6}% 55
\BOOKMARK [3][-]{subsubsection.5.6.3}{\376\377\000R\000e\000s\000p\000o\000n\000s\000y\000w\000n\000o\001\133\001\007\000\040\000i\000\040\000w\000i\000e\000l\000o\000p\000l\000a\000t\000f\000o\000r\000m\000o\000w\000o\001\133\001\007}{subsection.5.6}% 56
\BOOKMARK [3][-]{subsubsection.5.6.4}{\376\377\000P\000o\000m\000o\000c\000\040\000i\000\040\000w\000s\000p\000a\000r\000c\000i\000e\000\040\000u\001\174\000y\000t\000k\000o\000w\000n\000i\000k\000\363\000w}{subsection.5.6}% 57
\BOOKMARK [3][-]{subsubsection.5.6.5}{\376\377\000P\000o\000w\000i\000a\000d\000o\000m\000i\000e\000n\000i\000a}{subsection.5.6}% 58
\BOOKMARK [2][-]{subsection.5.7}{\376\377\000W\000y\000m\000a\000g\000a\000n\000i\000a\000\040\001\102\000a\000t\000w\000o\001\133\000c\000i\000\040\000u\000t\000r\000z\000y\000m\000a\000n\000i\000a}{section.5}% 59
\BOOKMARK [3][-]{subsubsection.5.7.1}{\376\377\000T\000e\000s\000t\000y\000\040\000a\000u\000t\000o\000m\000a\000t\000y\000c\000z\000n\000e}{subsection.5.7}% 60
\BOOKMARK [3][-]{subsubsection.5.7.2}{\376\377\000D\000o\000k\000u\000m\000e\000n\000t\000a\000c\000j\000a\000\040\000k\000o\000d\000u}{subsection.5.7}% 61
\BOOKMARK [3][-]{subsubsection.5.7.3}{\376\377\000L\000o\000g\000i\000\040\000s\000y\000s\000t\000e\000m\000o\000w\000e}{subsection.5.7}% 62
\BOOKMARK [2][-]{subsection.5.8}{\376\377\000W\000y\000m\000a\000g\000a\000n\000i\000a\000\040\000p\000r\000z\000e\000n\000o\001\133\000n\000o\001\133\000c\000i}{section.5}% 63
\BOOKMARK [3][-]{subsubsection.5.8.1}{\376\377\000N\000i\000e\000z\000a\000l\000e\001\174\000n\000o\001\133\001\007\000\040\000o\000d\000\040\000b\000a\000z\000y\000\040\000d\000a\000n\000y\000c\000h}{subsection.5.8}% 64
\BOOKMARK [3][-]{subsubsection.5.8.2}{\376\377\000N\000i\000e\000z\000a\000l\000e\001\174\000n\000o\001\133\001\007\000\040\000h\000o\000s\000t\000i\000n\000g\000u\000\040\000f\000r\000o\000n\000t\000e\000n\000d\000u}{subsection.5.8}% 65
\BOOKMARK [3][-]{subsubsection.5.8.3}{\376\377\000S\000t\000o\000r\000a\000g\000e\000\040\000p\000l\000i\000k\000\363\000w\000\040\000u\001\174\000y\000t\000k\000o\000w\000n\000i\000k\000\363\000w}{subsection.5.8}% 66
\BOOKMARK [3][-]{subsubsection.5.8.4}{\376\377\000Z\000e\000w\000n\001\031\000t\000r\000z\000n\000e\000\040\000A\000P\000I\000\040\000i\000\040\000u\000s\001\102\000u\000g\000i}{subsection.5.8}% 67
\BOOKMARK [1][-]{section.6}{\376\377\000P\000r\000o\000p\000o\000z\000y\000c\000j\000a\000\040\000t\000e\000c\000h\000n\000o\000l\000o\000g\000i\000i\000\040\000i\000n\000f\000o\000r\000m\000a\000t\000y\000c\000z\000n\000y\000c\000h\000,\000\040\000k\000t\000\363\000r\000e\000\040\000m\000o\000g\001\005\000\040\000z\000o\000s\000t\000a\001\007\000\040\000z\000a\000s\000t\000o\000s\000o\000w\000a\000n\000e\000\040\000d\000o\000\040\000r\000e\000a\000l\000i\000z\000a\000c\000j\000i\000\040\000s\000y\000s\000t\000e\000m\000u\000\040\000\050\000s\000p\000r\000z\001\031\000t\000\040\000i\000\040\000o\000p\000r\000o\000g\000r\000a\000m\000o\000w\000a\000n\000i\000e\000\051}{}% 68
\BOOKMARK [2][-]{subsection.6.1}{\376\377\000T\000e\000c\000h\000n\000o\000l\000o\000g\000i\000e\000\040\000o\000p\000r\000o\000g\000r\000a\000m\000o\000w\000a\000n\000i\000a}{section.6}% 69
\BOOKMARK [2][-]{subsection.6.2}{\376\377\000W\000y\000m\000a\000g\000a\000n\000i\000a\000\040\000s\000p\000r\000z\001\031\000t\000o\000w\000e\000\040\000s\000e\000r\000w\000e\000r\000a}{section.6}% 70
\BOOKMARK [2][-]{subsection.6.3}{\376\377\000B\000e\000z\000p\000i\000e\000c\000z\000e\001\104\000s\000t\000w\000o}{section.6}% 71
\BOOKMARK [2][-]{subsection.6.4}{\376\377\000L\000i\000c\000e\000n\000c\000j\000e}{section.6}% 72
\BOOKMARK [1][-]{section.7}{\376\377\000P\000r\000o\000p\000o\000z\000y\000c\000j\000a\000\040\000p\000l\000a\000n\000u\000\040\000p\000r\000o\000j\000e\000k\000t\000u}{}% 73
\BOOKMARK [2][-]{subsection.7.1}{\376\377\000O\000k\000r\000e\001\133\000l\000e\000n\000i\000e\000\040\000w\000y\000m\000a\000g\000a\001\104}{section.7}% 74
\BOOKMARK [2][-]{subsection.7.2}{\376\377\000P\000r\000o\000j\000e\000k\000t\000o\000w\000a\000n\000i\000e}{section.7}% 75
\BOOKMARK [2][-]{subsection.7.3}{\376\377\000I\000m\000p\000l\000e\000m\000e\000n\000t\000a\000c\000j\000a\000\040\000-\000\040\000E\000t\000a\000p\000\040\000M\000V\000P}{section.7}% 76
\BOOKMARK [2][-]{subsection.7.4}{\376\377\000T\000e\000s\000t\000o\000w\000a\000n\000i\000e}{section.7}% 77
\BOOKMARK [2][-]{subsection.7.5}{\376\377\000W\000d\000r\000o\001\174\000e\000n\000i\000e\000\040\000i\000\040\000b\000e\000t\000a\000\040\000t\000e\000s\000t\000y}{section.7}% 78
\BOOKMARK [2][-]{subsection.7.6}{\376\377\000K\000o\000n\000s\000e\000r\000w\000a\000c\000j\000a\000\040\000i\000\040\000r\000o\000z\000s\000z\000e\000r\000z\000a\000n\000i\000e\000\040\000f\000u\000n\000k\000c\000j\000o\000n\000a\000l\000n\000o\001\133\000c\000i}{section.7}% 79
\BOOKMARK [2][-]{subsection.7.7}{\376\377\000H\000a\000r\000m\000o\000n\000o\000g\000r\000a\000m\000\040\000c\000a\001\102\000k\000o\000w\000i\000t\000y}{section.7}% 80
\BOOKMARK [2][-]{subsection.7.8}{\376\377\000D\000i\000a\000g\000r\000a\000m\000\040\000G\000a\000n\000t\000t\000'\000a}{section.7}% 81
\BOOKMARK [1][-]{section.8}{\376\377\000P\000o\000d\000r\001\031\000c\000z\000n\000i\000k\000\040\000u\001\174\000y\000t\000k\000o\000w\000n\000i\000k\000a}{}% 82
\BOOKMARK [2][-]{subsection.8.1}{\376\377\000W\000p\000r\000o\000w\000a\000d\000z\000e\000n\000i\000e}{section.8}% 83
\BOOKMARK [3][-]{subsubsection.8.1.1}{\376\377\000C\000z\000y\000m\000\040\000j\000e\000s\000t\000\040\000E\000a\000s\000y\000L\000e\000s\000s\000o\000n\000?}{subsection.8.1}% 84
\BOOKMARK [3][-]{subsubsection.8.1.2}{\376\377\000D\000l\000a\000\040\000k\000o\000g\000o\000\040\000j\000e\000s\000t\000\040\000E\000a\000s\000y\000L\000e\000s\000s\000o\000n\000?}{subsection.8.1}% 85
\BOOKMARK [3][-]{subsubsection.8.1.3}{\376\377\000W\000y\000m\000a\000g\000a\000n\000i\000a\000\040\000s\000y\000s\000t\000e\000m\000o\000w\000e}{subsection.8.1}% 86
\BOOKMARK [2][-]{subsection.8.2}{\376\377\000R\000e\000j\000e\000s\000t\000r\000a\000c\000j\000a\000\040\000k\000o\000n\000t\000a}{section.8}% 87
\BOOKMARK [2][-]{subsection.8.3}{\376\377\000L\000o\000g\000o\000w\000a\000n\000i\000e\000\040\000d\000o\000\040\000s\000y\000s\000t\000e\000m\000u}{section.8}% 88
\BOOKMARK [3][-]{subsubsection.8.3.1}{\376\377\000P\000r\000o\000b\000l\000e\000m\000y\000\040\000z\000\040\000l\000o\000g\000o\000w\000a\000n\000i\000e\000m}{subsection.8.3}% 89
\BOOKMARK [2][-]{subsection.8.4}{\376\377\000O\000d\000z\000y\000s\000k\000i\000w\000a\000n\000i\000e\000\040\000h\000a\000s\001\102\000a}{section.8}% 90
\BOOKMARK [3][-]{subsubsection.8.4.1}{\376\377\000K\000r\000o\000k\000\040\0001\000:\000\040\000R\000o\000z\000p\000o\000c\000z\001\031\000c\000i\000e\000\040\000p\000r\000o\000c\000e\000d\000u\000r\000y}{subsection.8.4}% 91
\BOOKMARK [3][-]{subsubsection.8.4.2}{\376\377\000K\000r\000o\000k\000\040\0002\000:\000\040\000W\000p\000r\000o\000w\000a\000d\000z\000e\000n\000i\000e\000\040\000k\000o\000d\000u\000\040\000w\000e\000r\000y\000f\000i\000k\000a\000c\000y\000j\000n\000e\000g\000o}{subsection.8.4}% 92
\BOOKMARK [3][-]{subsubsection.8.4.3}{\376\377\000K\000r\000o\000k\000\040\0003\000:\000\040\000U\000s\000t\000a\000w\000i\000e\000n\000i\000e\000\040\000n\000o\000w\000e\000g\000o\000\040\000h\000a\000s\001\102\000a}{subsection.8.4}% 93
\BOOKMARK [2][-]{subsection.8.5}{\376\377\000D\000a\000s\000h\000b\000o\000a\000r\000d\000\040\040\023\000\040\000c\000e\000n\000t\000r\000u\000m\000\040\000k\000o\000n\000t\000r\000o\000l\000i}{section.8}% 94
\BOOKMARK [3][-]{subsubsection.8.5.1}{\376\377\000D\000o\000m\000y\001\133\000l\000n\000y\000\040\000w\000o\000r\000k\000s\000p\000a\000c\000e}{subsection.8.5}% 95
\BOOKMARK [3][-]{subsubsection.8.5.2}{\376\377\000M\000e\000n\000u\000\040\000n\000a\000w\000i\000g\000a\000c\000y\000j\000n\000e}{subsection.8.5}% 96
\BOOKMARK [2][-]{subsection.8.6}{\376\377\000W\000y\000l\000o\000g\000o\000w\000a\000n\000i\000e}{section.8}% 97
\BOOKMARK [2][-]{subsection.8.7}{\376\377\000W\000o\000r\000k\000s\000p\000a\000c\000e\000'\000y}{section.8}% 98
\BOOKMARK [3][-]{subsubsection.8.7.1}{\376\377\000T\000w\000o\000r\000z\000e\000n\000i\000e\000\040\000n\000o\000w\000e\000g\000o\000\040\000w\000o\000r\000k\000s\000p\000a\000c\000e\000'\000a}{subsection.8.7}% 99
\BOOKMARK [3][-]{subsubsection.8.7.2}{\376\377\000P\000r\000z\000e\000g\000l\001\005\000d\000a\000n\000i\000e\000\040\000w\000o\000r\000k\000s\000p\000a\000c\000e\000'\000\363\000w}{subsection.8.7}% 100
\BOOKMARK [3][-]{subsubsection.8.7.3}{\376\377\000E\000d\000y\000c\000j\000a\000\040\000w\000o\000r\000k\000s\000p\000a\000c\000e\000'\000a}{subsection.8.7}% 101
\BOOKMARK [3][-]{subsubsection.8.7.4}{\376\377\000Z\000a\000p\000r\000a\000s\000z\000a\000n\000i\000e\000\040\000u\001\174\000y\000t\000k\000o\000w\000n\000i\000k\000\363\000w\000\040\000d\000o\000\040\000w\000o\000r\000k\000s\000p\000a\000c\000e\000'\000a}{subsection.8.7}% 102
\BOOKMARK [3][-]{subsubsection.8.7.5}{\376\377\000A\000k\000c\000e\000p\000t\000a\000c\000j\000a\000\040\000z\000a\000p\000r\000o\000s\000z\000e\000n\000i\000a\000\040\000\050\000d\000l\000a\000\040\000z\000a\000p\000r\000o\000s\000z\000o\000n\000e\000g\000o\000\040\000u\001\174\000y\000t\000k\000o\000w\000n\000i\000k\000a\000\051}{subsection.8.7}% 103
\BOOKMARK [3][-]{subsubsection.8.7.6}{\376\377\000P\000r\000z\000e\000g\000l\001\005\000d\000a\000n\000i\000e\000\040\000c\000z\001\102\000o\000n\000k\000\363\000w\000\040\000w\000o\000r\000k\000s\000p\000a\000c\000e\000'\000a}{subsection.8.7}% 104
\BOOKMARK [3][-]{subsubsection.8.7.7}{\376\377\000U\000s\000u\000w\000a\000n\000i\000e\000\040\000c\000z\001\102\000o\000n\000k\000\363\000w\000\040\000\050\000t\000y\000l\000k\000o\000\040\000O\000w\000n\000e\000r\000\051}{subsection.8.7}% 105
\BOOKMARK [3][-]{subsubsection.8.7.8}{\376\377\000O\000p\000u\000s\000z\000c\000z\000a\000n\000i\000e\000\040\000w\000o\000r\000k\000s\000p\000a\000c\000e\000'\000a\000\040\000\050\000d\000l\000a\000\040\000M\000e\000m\000b\000e\000r\000\051}{subsection.8.7}% 106
\BOOKMARK [3][-]{subsubsection.8.7.9}{\376\377\000R\000o\000l\000e\000\040\000i\000\040\000u\000p\000r\000a\000w\000n\000i\000e\000n\000i\000a\000\040\000w\000\040\000w\000o\000r\000k\000s\000p\000a\000c\000e\000'\000i\000e}{subsection.8.7}% 107
\BOOKMARK [2][-]{subsection.8.8}{\376\377\000P\000r\000a\000c\000a\000\040\000z\000\040\000t\000a\000b\000l\000i\000c\000a\000m\000i}{section.8}% 108
\BOOKMARK [3][-]{subsubsection.8.8.1}{\376\377\000T\000w\000o\000r\000z\000e\000n\000i\000e\000\040\000n\000o\000w\000e\000j\000\040\000t\000a\000b\000l\000i\000c\000y}{subsection.8.8}% 109
\BOOKMARK [3][-]{subsubsection.8.8.2}{\376\377\000O\000t\000w\000i\000e\000r\000a\000n\000i\000e\000\040\000t\000a\000b\000l\000i\000c\000y}{subsection.8.8}% 110
\BOOKMARK [3][-]{subsubsection.8.8.3}{\376\377\000I\000n\000t\000e\000r\000f\000e\000j\000s\000\040\000t\000a\000b\000l\000i\000c\000y}{subsection.8.8}% 111
\BOOKMARK [3][-]{subsubsection.8.8.4}{\376\377\000D\000o\000s\000t\001\031\000p\000n\000e\000\040\000n\000a\000r\000z\001\031\000d\000z\000i\000a\000\040\000t\000a\000b\000l\000i\000c\000y}{subsection.8.8}% 112
\BOOKMARK [3][-]{subsubsection.8.8.5}{\376\377\000P\000o\000d\000s\000t\000a\000w\000o\000w\000e\000\040\000o\000p\000c\000j\000e\000\040\000n\000a\000r\000z\001\031\000d\000z\000i}{subsection.8.8}% 113
\BOOKMARK [3][-]{subsubsection.8.8.6}{\376\377\000C\000o\000f\000a\000n\000i\000e\000\040\000i\000\040\000p\000o\000n\000a\000w\000i\000a\000n\000i\000e\000\040\000a\000k\000c\000j\000i}{subsection.8.8}% 114
\BOOKMARK [3][-]{subsubsection.8.8.7}{\376\377\000P\000r\000z\000y\000b\000l\000i\001\174\000a\000n\000i\000e\000\040\000i\000\040\000o\000d\000d\000a\000l\000a\000n\000i\000e\000\040\000w\000i\000d\000o\000k\000u}{subsection.8.8}% 115
\BOOKMARK [3][-]{subsubsection.8.8.8}{\376\377\000W\000s\000p\000\363\001\102\000p\000r\000a\000c\000a\000\040\000w\000\040\000c\000z\000a\000s\000i\000e\000\040\000r\000z\000e\000c\000z\000y\000w\000i\000s\000t\000y\000m}{subsection.8.8}% 116
\BOOKMARK [3][-]{subsubsection.8.8.9}{\376\377\000E\000d\000y\000c\000j\000a\000\040\000t\000a\000b\000l\000i\000c\000y}{subsection.8.8}% 117
\BOOKMARK [3][-]{subsubsection.8.8.10}{\376\377\000U\000s\000u\000w\000a\000n\000i\000e\000\040\000t\000a\000b\000l\000i\000c\000y}{subsection.8.8}% 118
\BOOKMARK [3][-]{subsubsection.8.8.11}{\376\377\000A\000u\000t\000o\000m\000a\000t\000y\000c\000z\000n\000e\000\040\000z\000a\000p\000i\000s\000y\000w\000a\000n\000i\000e}{subsection.8.8}% 119
\BOOKMARK [2][-]{subsection.8.9}{\376\377\000S\000m\000a\000r\000t\000S\000e\000a\000r\000c\000h\000\040\000-\000\040\000w\000y\000s\000z\000u\000k\000i\000w\000a\000r\000k\000a\000\040\000w\000z\000o\000r\000\363\000w}{section.8}% 120
\BOOKMARK [3][-]{subsubsection.8.9.1}{\376\377\000C\000z\000y\000m\000\040\000j\000e\000s\000t\000\040\000S\000m\000a\000r\000t\000S\000e\000a\000r\000c\000h\000?}{subsection.8.9}% 121
\BOOKMARK [3][-]{subsubsection.8.9.2}{\376\377\000O\000t\000w\000i\000e\000r\000a\000n\000i\000e\000\040\000S\000m\000a\000r\000t\000S\000e\000a\000r\000c\000h}{subsection.8.9}% 122
\BOOKMARK [3][-]{subsubsection.8.9.3}{\376\377\000W\000y\000s\000z\000u\000k\000i\000w\000a\000n\000i\000e\000\040\000w\000z\000o\000r\000\363\000w}{subsection.8.9}% 123
\BOOKMARK [3][-]{subsubsection.8.9.4}{\376\377\000D\000o\000d\000a\000w\000a\000n\000i\000e\000\040\000w\000z\000o\000r\000\363\000w\000\040\000n\000a\000\040\000t\000a\000b\000l\000i\000c\001\031}{subsection.8.9}% 124
\BOOKMARK [3][-]{subsubsection.8.9.5}{\376\377\000P\000r\000z\000y\000k\001\102\000a\000d\000y\000\040\000w\000y\000s\000z\000u\000k\000i\000w\000a\001\104}{subsection.8.9}% 125
\BOOKMARK [3][-]{subsubsection.8.9.6}{\376\377\000N\000a\000w\000i\000g\000a\000c\000j\000a\000\040\000k\000l\000a\000w\000i\000a\000t\000u\000r\000o\000w\000a}{subsection.8.9}% 126
\BOOKMARK [3][-]{subsubsection.8.9.7}{\376\377\000Z\000a\000m\000y\000k\000a\000n\000i\000e\000\040\000S\000m\000a\000r\000t\000S\000e\000a\000r\000c\000h}{subsection.8.9}% 127
\BOOKMARK [2][-]{subsection.8.10}{\376\377\000A\000I\000\040\000C\000h\000a\000t}{section.8}% 128
\BOOKMARK [3][-]{subsubsection.8.10.1}{\376\377\000C\000z\000y\000m\000\040\000j\000e\000s\000t\000\040\000A\000I\000\040\000C\000h\000a\000t\000?}{subsection.8.10}% 129
\BOOKMARK [3][-]{subsubsection.8.10.2}{\376\377\000O\000t\000w\000i\000e\000r\000a\000n\000i\000e\000\040\000A\000I\000\040\000C\000h\000a\000t}{subsection.8.10}% 130
\BOOKMARK [3][-]{subsubsection.8.10.3}{\376\377\000R\000e\000g\000u\000l\000o\000w\000a\000n\000i\000e\000\040\000s\000z\000e\000r\000o\000k\000o\001\133\000c\000i\000\040\000p\000a\000n\000e\000l\000u}{subsection.8.10}% 131
\BOOKMARK [3][-]{subsubsection.8.10.4}{\376\377\000Z\000a\000d\000a\000w\000a\000n\000i\000e\000\040\000p\000y\000t\000a\001\104}{subsection.8.10}% 132
\BOOKMARK [3][-]{subsubsection.8.10.5}{\376\377\000H\000i\000s\000t\000o\000r\000i\000a\000\040\000k\000o\000n\000w\000e\000r\000s\000a\000c\000j\000i}{subsection.8.10}% 133
\BOOKMARK [3][-]{subsubsection.8.10.6}{\376\377\000W\000s\000k\000a\000z\000\363\000w\000k\000i\000\040\000d\000o\000t\000y\000c\000z\001\005\000c\000e\000\040\000k\000o\000r\000z\000y\000s\000t\000a\000n\000i\000a\000\040\000z\000\040\000A\000I}{subsection.8.10}% 134
\BOOKMARK [3][-]{subsubsection.8.10.7}{\376\377\000Z\000a\000m\000y\000k\000a\000n\000i\000e\000\040\000A\000I\000\040\000C\000h\000a\000t}{subsection.8.10}% 135
\BOOKMARK [2][-]{subsection.8.11}{\376\377\000Z\000a\000r\000z\001\005\000d\000z\000a\000n\000i\000e\000\040\000k\000o\000n\000t\000e\000m}{section.8}% 136
\BOOKMARK [3][-]{subsubsection.8.11.1}{\376\377\000U\000s\000t\000a\000w\000i\000e\000n\000i\000a\000\040\000p\000r\000o\000f\000i\000l\000u}{subsection.8.11}% 137
\BOOKMARK [3][-]{subsubsection.8.11.2}{\376\377\000Z\000m\000i\000a\000n\000a\000\040\000h\000a\000s\001\102\000a}{subsection.8.11}% 138
\BOOKMARK [3][-]{subsubsection.8.11.3}{\376\377\000U\000s\000u\000w\000a\000n\000i\000e\000\040\000k\000o\000n\000t\000a}{subsection.8.11}% 139
\BOOKMARK [2][-]{subsection.8.12}{\376\377\000N\000a\000j\000c\000z\001\031\000s\000t\000s\000z\000e\000\040\000p\000r\000o\000b\000l\000e\000m\000y\000\040\000i\000\040\000r\000o\000z\000w\000i\001\005\000z\000a\000n\000i\000a}{section.8}% 140
\BOOKMARK [3][-]{subsubsection.8.12.1}{\376\377\000P\000r\000o\000b\000l\000e\000m\000y\000\040\000z\000\040\000l\000o\000g\000o\000w\000a\000n\000i\000e\000m}{subsection.8.12}% 141
\BOOKMARK [3][-]{subsubsection.8.12.2}{\376\377\000P\000r\000o\000b\000l\000e\000m\000y\000\040\000z\000\040\000t\000a\000b\000l\000i\000c\001\005}{subsection.8.12}% 142
\BOOKMARK [3][-]{subsubsection.8.12.3}{\376\377\000P\000r\000o\000b\000l\000e\000m\000y\000\040\000z\000\040\000p\000l\000i\000k\000a\000m\000i}{subsection.8.12}% 143
\BOOKMARK [3][-]{subsubsection.8.12.4}{\376\377\000P\000r\000o\000b\000l\000e\000m\000y\000\040\000z\000\040\000A\000I\000\040\000C\000h\000a\000t}{subsection.8.12}% 144
\BOOKMARK [3][-]{subsubsection.8.12.5}{\376\377\000P\000r\000o\000b\000l\000e\000m\000y\000\040\000z\000\040\000S\000m\000a\000r\000t\000S\000e\000a\000r\000c\000h}{subsection.8.12}% 145
\BOOKMARK [3][-]{subsubsection.8.12.6}{\376\377\000P\000r\000o\000b\000l\000e\000m\000y\000\040\000z\000\040\000w\000y\000d\000a\000j\000n\000o\001\133\000c\000i\001\005}{subsection.8.12}% 146
\BOOKMARK [3][-]{subsubsection.8.12.7}{\376\377\000K\000o\000n\000t\000a\000k\000t\000\040\000z\000\040\000s\000u\000p\000p\000o\000r\000t\000e\000m}{subsection.8.12}% 147
\BOOKMARK [2][-]{subsection.8.13}{\376\377\000S\000k\000r\000\363\000t\000y\000\040\000k\000l\000a\000w\000i\000s\000z\000o\000w\000e}{section.8}% 148
\BOOKMARK [3][-]{subsubsection.8.13.1}{\376\377\000N\000a\000r\000z\001\031\000d\000z\000i\000a\000\040\000t\000a\000b\000l\000i\000c\000y}{subsection.8.13}% 149
\BOOKMARK [3][-]{subsubsection.8.13.2}{\376\377\000E\000d\000y\000c\000j\000a\000\040\000i\000\040\000z\000a\000r\000z\001\005\000d\000z\000a\000n\000i\000e\000\040\000e\000l\000e\000m\000e\000n\000t\000a\000m\000i}{subsection.8.13}% 150
\BOOKMARK [3][-]{subsubsection.8.13.3}{\376\377\000E\000d\000y\000c\000j\000a\000\040\000t\000e\000k\000s\000t\000u}{subsection.8.13}% 151
\BOOKMARK [3][-]{subsubsection.8.13.4}{\376\377\000Z\000o\000o\000m\000\040\000i\000\040\000w\000i\000d\000o\000k}{subsection.8.13}% 152
\BOOKMARK [3][-]{subsubsection.8.13.5}{\376\377\000S\000m\000a\000r\000t\000S\000e\000a\000r\000c\000h}{subsection.8.13}% 153
\BOOKMARK [3][-]{subsubsection.8.13.6}{\376\377\000A\000I\000\040\000C\000h\000a\000t}{subsection.8.13}% 154
\BOOKMARK [3][-]{subsubsection.8.13.7}{\376\377\000C\000z\000a\000t\000\040\000g\001\102\000o\000s\000o\000w\000y\000\040\000\050\000V\000o\000i\000c\000e\000\040\000C\000h\000a\000t\000\051}{subsection.8.13}% 155
\BOOKMARK [3][-]{subsubsection.8.13.8}{\376\377\000O\000d\001\133\000w\000i\000e\001\174\000a\000n\000i\000e\000\040\000i\000\040\000p\000r\000z\000e\000g\000l\001\005\000d\000a\000r\000k\000a}{subsection.8.13}% 156
\BOOKMARK [3][-]{subsubsection.8.13.9}{\376\377\000P\000o\000d\000s\000u\000m\000o\000w\000a\000n\000i\000e\000\040\040\023\000\040\000n\000a\000j\000c\000z\001\031\001\133\000c\000i\000e\000j\000\040\000u\001\174\000y\000w\000a\000n\000e}{subsection.8.13}% 157
\BOOKMARK [1][-]{section.9}{\376\377\000I\000n\000s\000t\000r\000u\000k\000c\000j\000a\000\040\000u\000r\000u\000c\000h\000o\000m\000i\000e\000n\000i\000a\000\040\000a\000p\000l\000i\000k\000a\000c\000j\000i\000\040\000l\000o\000k\000a\000l\000n\000i\000e}{}% 158
\BOOKMARK [2][-]{subsection.9.1}{\376\377\000U\000r\000u\000c\000h\000o\000m\000i\000e\000n\000i\000e\000\040\000p\000r\000z\000e\000z\000\040\000D\000o\000c\000k\000e\000r\000\040\000\050\000z\000a\000l\000e\000c\000a\000n\000e\000\051}{section.9}% 159
\BOOKMARK [3][-]{subsubsection.9.1.1}{\376\377\000W\000y\000m\000a\000g\000a\000n\000i\000a}{subsection.9.1}% 160
\BOOKMARK [3][-]{subsubsection.9.1.2}{\376\377\000K\000r\000o\000k\000i}{subsection.9.1}% 161
\BOOKMARK [2][-]{subsection.9.2}{\376\377\000U\000r\000u\000c\000h\000o\000m\000i\000e\000n\000i\000e\000\040\000r\001\031\000c\000z\000n\000e}{section.9}% 162
\BOOKMARK [2][-]{subsection.9.3}{\376\377\000W\000y\000m\000a\000g\000a\000n\000i\000a\000\040\000S\000y\000s\000t\000e\000m\000o\000w\000e}{section.9}% 163
\BOOKMARK [3][-]{subsubsection.9.3.1}{\376\377\000S\000p\000r\000a\000w\000d\000z\000e\000n\000i\000e\000\040\000W\000y\000m\000a\000g\000a\001\104}{subsection.9.3}% 164
\BOOKMARK [2][-]{subsection.9.4}{\376\377\000K\000r\000o\000k\000\040\0001\000:\000\040\000K\000l\000o\000n\000o\000w\000a\000n\000i\000e\000\040\000R\000e\000p\000o\000z\000y\000t\000o\000r\000i\000u\000m}{section.9}% 165
\BOOKMARK [2][-]{subsection.9.5}{\376\377\000K\000r\000o\000k\000\040\0002\000:\000\040\000K\000o\000n\000f\000i\000g\000u\000r\000a\000c\000j\000a\000\040\000Z\000m\000i\000e\000n\000n\000y\000c\000h\000\040\001\132\000r\000o\000d\000o\000w\000i\000s\000k\000o\000w\000y\000c\000h}{section.9}% 166
\BOOKMARK [3][-]{subsubsection.9.5.1}{\376\377\000T\000w\000o\000r\000z\000e\000n\000i\000e\000\040\000P\000l\000i\000k\000u\000\040\000.\000e\000n\000v}{subsection.9.5}% 167
\BOOKMARK [3][-]{subsubsection.9.5.2}{\376\377\000Z\000m\000i\000e\000n\000n\000e\000\040\000b\000a\000c\000k\000e\000n\000d\000u\000\040\000\050\000b\000a\000c\000k\000e\000n\000d\000/\000.\000e\000n\000v\000\051}{subsection.9.5}% 168
\BOOKMARK [3][-]{subsubsection.9.5.3}{\376\377\000Z\000m\000i\000e\000n\000n\000e\000\040\000f\000r\000o\000n\000t\000e\000n\000d\000u\000\040\000\050\000.\000e\000n\000v\000.\000l\000o\000c\000a\000l\000\051}{subsection.9.5}% 169
\BOOKMARK [2][-]{subsection.9.6}{\376\377\000K\000r\000o\000k\000\040\0003\000:\000\040\000I\000n\000s\000t\000a\000l\000a\000c\000j\000a\000\040\000Z\000a\000l\000e\001\174\000n\000o\001\133\000c\000i\000\040\000B\000a\000c\000k\000e\000n\000d}{section.9}% 170
\BOOKMARK [2][-]{subsection.9.7}{\376\377\000K\000r\000o\000k\000\040\0004\000:\000\040\000I\000n\000i\000c\000j\000a\000l\000i\000z\000a\000c\000j\000a\000\040\000B\000a\000z\000y\000\040\000D\000a\000n\000y\000c\000h}{section.9}% 171
\BOOKMARK [2][-]{subsection.9.8}{\376\377\000K\000r\000o\000k\000\040\0005\000:\000\040\000U\000r\000u\000c\000h\000o\000m\000i\000e\000n\000i\000e\000\040\000B\000a\000c\000k\000e\000n\000d\000u}{section.9}% 172
\BOOKMARK [2][-]{subsection.9.9}{\376\377\000K\000r\000o\000k\000\040\0006\000:\000\040\000I\000n\000s\000t\000a\000l\000a\000c\000j\000a\000\040\000Z\000a\000l\000e\001\174\000n\000o\001\133\000c\000i\000\040\000F\000r\000o\000n\000t\000e\000n\000d}{section.9}% 173
\BOOKMARK [2][-]{subsection.9.10}{\376\377\000K\000r\000o\000k\000\040\0007\000:\000\040\000U\000r\000u\000c\000h\000o\000m\000i\000e\000n\000i\000e\000\040\000F\000r\000o\000n\000t\000e\000n\000d\000u}{section.9}% 174
\BOOKMARK [2][-]{subsection.9.11}{\376\377\000K\000r\000o\000k\000\040\0008\000:\000\040\000W\000e\000r\000y\000f\000i\000k\000a\000c\000j\000a\000\040\000I\000n\000s\000t\000a\000l\000a\000c\000j\000i}{section.9}% 175
\BOOKMARK [2][-]{subsection.9.12}{\376\377\000R\000o\000z\000w\000i\001\005\000z\000y\000w\000a\000n\000i\000e\000\040\000P\000r\000o\000b\000l\000e\000m\000\363\000w}{section.9}% 176
\BOOKMARK [3][-]{subsubsection.9.12.1}{\376\377\000B\001\102\001\005\000d\000:\000\040\000D\000A\000T\000A\000B\000A\000S\000E\000\040\000C\000O\000N\000N\000E\000C\000T\000I\000O\000N\000\040\000F\000A\000I\000L\000E\000D\000\040\000\050\000p\000o\001\102\001\005\000c\000z\000e\000n\000i\000e\000\040\000z\000\040\000N\000e\000o\000n\000\051}{subsection.9.12}% 177
\BOOKMARK [3][-]{subsubsection.9.12.2}{\376\377\000B\001\102\001\005\000d\000:\000\040\000P\000o\000r\000t\000\040\0003\0000\0000\0000\000/\0008\0000\0000\0000\000\040\000j\000e\000s\000t\000\040\000j\000u\001\174\000\040\000w\000\040\000u\001\174\000y\000c\000i\000u}{subsection.9.12}% 178
\BOOKMARK [3][-]{subsubsection.9.12.3}{\376\377\000B\001\102\001\005\000d\000:\000\040\000M\000o\000d\000u\000l\000e\000N\000o\000t\000F\000o\000u\000n\000d\000E\000r\000r\000o\000r}{subsection.9.12}% 179
\BOOKMARK [3][-]{subsubsection.9.12.4}{\376\377\000B\001\102\001\005\000d\000:\000\040\000n\000p\000m\000\040\000E\000R\000R\000!\000\040\000c\000o\000d\000e\000\040\000E\000R\000E\000S\000O\000L\000V\000E}{subsection.9.12}% 180
\BOOKMARK [2][-]{subsection.9.13}{\376\377\000S\000t\000r\000u\000k\000t\000u\000r\000a\000\040\000P\000r\000o\000j\000e\000k\000t\000u}{section.9}% 181
\BOOKMARK [2][-]{subsection.9.14}{\376\377\000P\000r\000z\000y\000d\000a\000t\000n\000e\000\040\000K\000o\000m\000e\000n\000d\000y}{section.9}% 182
\BOOKMARK [2][-]{subsection.9.15}{\376\377\000P\000r\000o\000d\000u\000k\000c\000j\000a}{section.9}% 183
\BOOKMARK [3][-]{subsubsection.9.15.1}{\376\377\000B\000a\000c\000k\000e\000n\000d}{subsection.9.15}% 184
\BOOKMARK [3][-]{subsubsection.9.15.2}{\376\377\000F\000r\000o\000n\000t\000e\000n\000d}{subsection.9.15}% 185
\BOOKMARK [1][-]{section.10}{\376\377\000D\000o\000k\000u\000m\000e\000n\000t\000a\000c\000j\000a\000\040\000t\000e\000s\000t\000\363\000w}{}% 186
\BOOKMARK [2][-]{subsection.10.1}{\376\377\000C\000e\000l\000\040\000i\000\040\000z\000a\000k\000r\000e\000s\000\040\000t\000e\000s\000t\000o\000w\000a\000n\000i\000a}{section.10}% 187
\BOOKMARK [2][-]{subsection.10.2}{\376\377\000S\000t\000r\000a\000t\000e\000g\000i\000a\000\040\000t\000e\000s\000t\000o\000w\000a\000n\000i\000a}{section.10}% 188
\BOOKMARK [2][-]{subsection.10.3}{\376\377\001\132\000r\000o\000d\000o\000w\000i\000s\000k\000o\000\040\000t\000e\000s\000t\000o\000w\000e}{section.10}% 189
\BOOKMARK [2][-]{subsection.10.4}{\376\377\000P\000r\000z\000y\000p\000a\000d\000k\000i\000\040\000t\000e\000s\000t\000o\000w\000e}{section.10}% 190
\BOOKMARK [2][-]{subsection.10.5}{\376\377\000S\000c\000e\000n\000a\000r\000i\000u\000s\000z\000e\000\040\000t\000e\000s\000t\000o\000w\000e}{section.10}% 191
\BOOKMARK [3][-]{subsubsection.10.5.1}{\376\377\000S\000T\000-\0000\0001\000:\000\040\000R\000e\000j\000e\000s\000t\000r\000a\000c\000j\000a\000\040\000i\000\040\000a\000k\000t\000y\000w\000a\000c\000j\000a\000\040\000k\000o\000n\000t\000a\000\040\000u\001\174\000y\000t\000k\000o\000w\000n\000i\000k\000a}{subsection.10.5}% 192
\BOOKMARK [3][-]{subsubsection.10.5.2}{\376\377\000S\000T\000-\0000\0002\000:\000\040\000Z\000a\000r\000z\001\005\000d\000z\000a\000n\000i\000e\000\040\000p\000r\000z\000e\000s\000t\000r\000z\000e\000n\000i\001\005\000\040\000r\000o\000b\000o\000c\000z\001\005}{subsection.10.5}% 193
\BOOKMARK [3][-]{subsubsection.10.5.3}{\376\377\000S\000T\000-\0000\0003\000:\000\040\000P\000r\000a\000c\000a\000\040\000z\000\040\000t\000a\000b\000l\000i\000c\001\005\000\040\000k\000a\000n\000b\000a\000n}{subsection.10.5}% 194
\BOOKMARK [3][-]{subsubsection.10.5.4}{\376\377\000S\000T\000-\0000\0004\000:\000\040\000A\000s\000y\000s\000t\000e\000n\000t\000\040\000A\000I\000\040\000z\000\040\000c\000a\000c\000h\000e\000'\000o\000w\000a\000n\000i\000e\000m\000\040\000i\000\040\000r\000a\000t\000e\000\040\000l\000i\000m\000i\000t\000i\000n\000g\000i\000e\000m}{subsection.10.5}% 195
\BOOKMARK [2][-]{subsection.10.6}{\376\377\000P\000o\000d\000s\000u\000m\000o\000w\000a\000n\000i\000e\000\040\000p\000o\000k\000r\000y\000c\000i\000a\000\040\000t\000e\000s\000t\000a\000m\000i}{section.10}% 196
